<?xml version="1.0" encoding="UTF-8"?>
<!-- Generated by org.testng.reporters.JUnitXMLReporter -->
<testsuite hostname="P04284" ignored="7" name="Backend Tests - Terminations and Reactivations" tests="3" failures="0" timestamp="2021-02-15T16:05:54 GMT" time="105.821" errors="0">
  <testcase name="testSIMSwapBackendGoMo" time="43.806" classname="testCases.backend.BackendTestSIMSwaps"/>
  <testcase name="testSIMSwapBackendEirPAYG" time="39.325" classname="testCases.backend.BackendTestSIMSwaps"/>
  <testcase name="testSIMSwapRetailBackend" time="22.638" classname="testCases.backend.BackendTestSIMSwaps"/>
  <testcase name="testSIMSwapTelesalesBackend" time="0.0" classname="testCases.backend.BackendTestSIMSwaps">
    <ignored/>
  </testcase> <!-- testSIMSwapTelesalesBackend -->
  <testcase name="@AfterSuite afterSuite" time="0.0" classname="testCases.basetest.BaseTest">
    <ignored/>
  </testcase> <!-- @AfterSuite afterSuite -->
  <testcase name="testReactivationBackendGoMo" time="0.0" classname="testCases.backend.BackendTestTerminations">
    <ignored/>
  </testcase> <!-- testReactivationBackendGoMo -->
  <testcase name="testTerminationBackendEirPAYG" time="0.0" classname="testCases.backend.BackendTestTerminations">
    <ignored/>
  </testcase> <!-- testTerminationBackendEirPAYG -->
  <testcase name="testTerminationBackendGoMo" time="0.0" classname="testCases.backend.BackendTestTerminations">
    <ignored/>
  </testcase> <!-- testTerminationBackendGoMo -->
  <testcase name="@BeforeSuite setUpSuite" time="0.0" classname="testCases.basetest.BaseTest">
    <ignored/>
  </testcase> <!-- @BeforeSuite setUpSuite -->
  <testcase name="testReactivationBackendEirPAYG" time="0.0" classname="testCases.backend.BackendTestTerminations">
    <ignored/>
  </testcase> <!-- testReactivationBackendEirPAYG -->
</testsuite> <!-- Backend Tests - Terminations and Reactivations -->
