<?xml version="1.0" encoding="UTF-8"?>
<!-- Generated by org.testng.reporters.JUnitXMLReporter -->
<testsuite hostname="P04284" ignored="4" name="RetailAcquisitionTest" tests="15" failures="0" timestamp="2022-04-06T10:37:11 BST" time="29.434" errors="0">
  <testcase name="testLogin" time="6.644" classname="testCases.eir.b2c.api.TestEirCrmAcquisitionsApi"/>
  <testcase name="CRM_A_AQ_01_testCreateProspect" time="2.085" classname="testCases.eir.b2c.api.TestEirCrmAcquisitionsApi"/>
  <testcase name="CRM_A_AQ_02_testAddOfferToCart" time="1.491" classname="testCases.eir.b2c.api.TestEirCrmAcquisitionsApi"/>
  <testcase name="CRM_A_AQ_03_testGetCustomerDetails" time="1.048" classname="testCases.eir.b2c.api.TestEirCrmAcquisitionsApi"/>
  <testcase name="CRM_A_AQ_05_testGetAvailableOffers" time="1.819" classname="testCases.eir.b2c.api.TestEirCrmAcquisitionsApi"/>
  <testcase name="CRM_A_AQ_06_testGetAvailableAddons" time="1.019" classname="testCases.eir.b2c.api.TestEirCrmAcquisitionsApi"/>
  <testcase name="CRM_A_AQ_04_testGetCartDetails" time="1.171" classname="testCases.eir.b2c.api.TestEirCrmAcquisitionsApi"/>
  <testcase name="CRM_A_AQ_07_testAddAddonToOffer" time="2.28" classname="testCases.eir.b2c.api.TestEirCrmAcquisitionsApi"/>
  <testcase name="CRM_A_AQ_08_testGetSimDetails" time="1.024" classname="testCases.eir.b2c.api.TestEirCrmAcquisitionsApi"/>
  <testcase name="CRM_A_AQ_09_testUpdateNddOnOffer" time="1.757" classname="testCases.eir.b2c.api.TestEirCrmAcquisitionsApi"/>
  <testcase name="CRM_A_AQ_10_testAddTopupToOffer" time="1.66" classname="testCases.eir.b2c.api.TestEirCrmAcquisitionsApi"/>
  <testcase name="CRM_A_AQ_11_testAssignSIMToOrder" time="2.403" classname="testCases.eir.b2c.api.TestEirCrmAcquisitionsApi"/>
  <testcase name="CRM_A_AQ_12_testSetOrderAsAnonymous" time="2.149" classname="testCases.eir.b2c.api.TestEirCrmAcquisitionsApi"/>
  <testcase name="CRM_A_AQ_14_testAcceptTermsAndConditions" time="1.397" classname="testCases.eir.b2c.api.TestEirCrmAcquisitionsApi"/>
  <testcase name="CRM_A_AQ_15_testValidateProspectRetail" time="1.394" classname="testCases.eir.b2c.api.TestEirCrmAcquisitionsApi"/>
  <testcase name="CRM_A_AQ_17_testValidateProspectTelesales" time="0.0" classname="testCases.eir.b2c.api.TestEirCrmAcquisitionsApi">
    <ignored/>
  </testcase> <!-- CRM_A_AQ_17_testValidateProspectTelesales -->
  <testcase name="simulatePayment3DS2" time="0.0" classname="testCases.eir.b2c.api.TestEirCrmAcquisitionsApi">
    <ignored/>
  </testcase> <!-- simulatePayment3DS2 -->
  <testcase name="CRM_A_AQ_16_testGetHpp" time="0.0" classname="testCases.eir.b2c.api.TestEirCrmAcquisitionsApi">
    <ignored/>
  </testcase> <!-- CRM_A_AQ_16_testGetHpp -->
  <testcase name="testCreateRetailSalesOrder" time="0.0" classname="testCases.eir.b2c.api.TestEirCrmAcquisitionsApi">
    <ignored/>
  </testcase> <!-- testCreateRetailSalesOrder -->
</testsuite> <!-- RetailAcquisitionTest -->
