<?xml version="1.0" encoding="UTF-8"?>
<!-- Generated by org.testng.reporters.JUnitXMLReporter -->
<testsuite hostname="P04284" ignored="4" name="TelesalesAcquisitionTest" tests="15" failures="0" timestamp="2022-04-06T12:28:56 BST" time="32.271" errors="0">
  <testcase name="testLogin" time="8.026" classname="testCases.eir.b2c.api.TestEirCrmAcquisitionsApi"/>
  <testcase name="CRM_A_AQ_01_testCreateProspect" time="3.007" classname="testCases.eir.b2c.api.TestEirCrmAcquisitionsApi"/>
  <testcase name="CRM_A_AQ_02_testAddOfferToCart" time="1.597" classname="testCases.eir.b2c.api.TestEirCrmAcquisitionsApi"/>
  <testcase name="CRM_A_AQ_03_testGetCustomerDetails" time="1.386" classname="testCases.eir.b2c.api.TestEirCrmAcquisitionsApi"/>
  <testcase name="CRM_A_AQ_05_testGetAvailableOffers" time="1.141" classname="testCases.eir.b2c.api.TestEirCrmAcquisitionsApi"/>
  <testcase name="CRM_A_AQ_06_testGetAvailableAddons" time="1.048" classname="testCases.eir.b2c.api.TestEirCrmAcquisitionsApi"/>
  <testcase name="CRM_A_AQ_04_testGetCartDetails" time="1.051" classname="testCases.eir.b2c.api.TestEirCrmAcquisitionsApi"/>
  <testcase name="CRM_A_AQ_07_testAddAddonToOffer" time="2.088" classname="testCases.eir.b2c.api.TestEirCrmAcquisitionsApi"/>
  <testcase name="CRM_A_AQ_09_testUpdateNddOnOffer" time="1.844" classname="testCases.eir.b2c.api.TestEirCrmAcquisitionsApi"/>
  <testcase name="CRM_A_AQ_10_testAddTopupToOffer" time="1.591" classname="testCases.eir.b2c.api.TestEirCrmAcquisitionsApi"/>
  <testcase name="CRM_A_AQ_12_testSetOrderAsAnonymous" time="2.207" classname="testCases.eir.b2c.api.TestEirCrmAcquisitionsApi"/>
  <testcase name="CRM_A_AQ_14_testAcceptTermsAndConditions" time="1.334" classname="testCases.eir.b2c.api.TestEirCrmAcquisitionsApi"/>
  <testcase name="CRM_A_AQ_16_testGetHpp" time="1.103" classname="testCases.eir.b2c.api.TestEirCrmAcquisitionsApi"/>
  <testcase name="simulatePayment3DS2" time="3.162" classname="testCases.eir.b2c.api.TestEirCrmAcquisitionsApi"/>
  <testcase name="CRM_A_AQ_17_testValidateProspectTelesales" time="1.529" classname="testCases.eir.b2c.api.TestEirCrmAcquisitionsApi"/>
  <testcase name="CRM_A_AQ_11_testAssignSIMToOrder" time="0.0" classname="testCases.eir.b2c.api.TestEirCrmAcquisitionsApi">
    <ignored/>
  </testcase> <!-- CRM_A_AQ_11_testAssignSIMToOrder -->
  <testcase name="CRM_A_AQ_08_testGetSimDetails" time="0.0" classname="testCases.eir.b2c.api.TestEirCrmAcquisitionsApi">
    <ignored/>
  </testcase> <!-- CRM_A_AQ_08_testGetSimDetails -->
  <testcase name="CRM_A_AQ_15_testValidateProspectRetail" time="0.0" classname="testCases.eir.b2c.api.TestEirCrmAcquisitionsApi">
    <ignored/>
  </testcase> <!-- CRM_A_AQ_15_testValidateProspectRetail -->
  <testcase name="testCreateRetailSalesOrder" time="0.0" classname="testCases.eir.b2c.api.TestEirCrmAcquisitionsApi">
    <ignored/>
  </testcase> <!-- testCreateRetailSalesOrder -->
</testsuite> <!-- TelesalesAcquisitionTest -->
