<?xml version="1.0" encoding="UTF-8"?>
<!-- Generated by org.testng.reporters.JUnitXMLReporter -->
<testsuite hostname="P04284" ignored="1" name="Test" tests="15" failures="0" timestamp="2022-04-05T17:15:47 BST" time="26.574" errors="0">
  <testcase name="testLogin" time="5.672" classname="testCases.eir.b2c.api.TestEirCrmAcquisitionsApi"/>
  <testcase name="CRM_A_AQ_01_testCreateProspectRetail" time="2.0" classname="testCases.eir.b2c.api.TestEirCrmAcquisitionsApi"/>
  <testcase name="CRM_A_AQ_02_testAddOfferToCart" time="1.602" classname="testCases.eir.b2c.api.TestEirCrmAcquisitionsApi"/>
  <testcase name="CRM_A_AQ_03_testGetCustomerDetails" time="1.056" classname="testCases.eir.b2c.api.TestEirCrmAcquisitionsApi"/>
  <testcase name="CRM_A_AQ_05_testGetAvailableOffers" time="1.051" classname="testCases.eir.b2c.api.TestEirCrmAcquisitionsApi"/>
  <testcase name="CRM_A_AQ_06_testGetAvailableAddons" time="1.14" classname="testCases.eir.b2c.api.TestEirCrmAcquisitionsApi"/>
  <testcase name="CRM_A_AQ_04_testGetCartDetails" time="1.075" classname="testCases.eir.b2c.api.TestEirCrmAcquisitionsApi"/>
  <testcase name="CRM_A_AQ_07_testAddAddonToOffer" time="2.031" classname="testCases.eir.b2c.api.TestEirCrmAcquisitionsApi"/>
  <testcase name="CRM_A_AQ_08_testGetSimDetails" time="1.104" classname="testCases.eir.b2c.api.TestEirCrmAcquisitionsApi"/>
  <testcase name="CRM_A_AQ_09_testUpdateNddOnOffer" time="1.657" classname="testCases.eir.b2c.api.TestEirCrmAcquisitionsApi"/>
  <testcase name="CRM_A_AQ_10_testAddTopupToOffer" time="1.609" classname="testCases.eir.b2c.api.TestEirCrmAcquisitionsApi"/>
  <testcase name="CRM_A_AQ_11_testAssignSIMToOrder" time="2.169" classname="testCases.eir.b2c.api.TestEirCrmAcquisitionsApi"/>
  <testcase name="CRM_A_AQ_12_testSetOrderAsAnonymous" time="2.163" classname="testCases.eir.b2c.api.TestEirCrmAcquisitionsApi"/>
  <testcase name="CRM_A_AQ_14_testAcceptTermsAndConditions" time="1.003" classname="testCases.eir.b2c.api.TestEirCrmAcquisitionsApi"/>
  <testcase name="CRM_A_AQ_15_testValidateProspect" time="1.138" classname="testCases.eir.b2c.api.TestEirCrmAcquisitionsApi"/>
  <testcase name="testCreateRetailSalesOrder" time="0.0" classname="testCases.eir.b2c.api.TestEirCrmAcquisitionsApi">
    <ignored/>
  </testcase> <!-- testCreateRetailSalesOrder -->
</testsuite> <!-- Test -->
